0 info it worked if it ends with ok
1 verbose cli [ '/usr/local/Cellar/node/5.7.1/bin/node',
1 verbose cli   '/usr/local/bin/npm',
1 verbose cli   'start' ]
2 info using npm@3.6.0
3 info using node@v5.7.1
4 verbose run-script [ 'prestart', 'start', 'poststart' ]
5 info lifecycle NodejsStarterApp@0.0.1~prestart: NodejsStarterApp@0.0.1
6 silly lifecycle NodejsStarterApp@0.0.1~prestart: no script for prestart, continuing
7 info lifecycle NodejsStarterApp@0.0.1~start: NodejsStarterApp@0.0.1
8 verbose lifecycle NodejsStarterApp@0.0.1~start: unsafe-perm in lifecycle true
9 verbose lifecycle NodejsStarterApp@0.0.1~start: PATH: /usr/local/lib/node_modules/npm/bin/node-gyp-bin:/Users/aviralmansingka/projects/Taboo/node_modules/.bin:/Library/Frameworks/Python.framework/Versions/3.5/bin:/usr/local/bin:/usr/bin:/bin:/usr/sbin:/usr/local/mongodb/bin:/sbin:/usr/local/apache-maven-3.3.9/bin:/usr/local/galago-3.10/core/target/appassembler/bin:/Users/aviralmansingka/.vimpkg/bin
10 verbose lifecycle NodejsStarterApp@0.0.1~start: CWD: /Users/aviralmansingka/projects/Taboo
11 silly lifecycle NodejsStarterApp@0.0.1~start: Args: [ '-c', 'tsc && concurrenlty "npm run tsc:w" "node app.js"' ]
12 info lifecycle NodejsStarterApp@0.0.1~start: Failed to exec start script
13 verbose stack Error: NodejsStarterApp@0.0.1 start: `tsc && concurrenlty "npm run tsc:w" "node app.js"`
13 verbose stack spawn ENOENT
13 verbose stack     at ChildProcess.<anonymous> (/usr/local/lib/node_modules/npm/lib/utils/spawn.js:17:16)
13 verbose stack     at emitTwo (events.js:100:13)
13 verbose stack     at ChildProcess.emit (events.js:185:7)
13 verbose stack     at maybeClose (internal/child_process.js:827:16)
13 verbose stack     at Process.ChildProcess._handle.onexit (internal/child_process.js:211:5)
14 verbose pkgid NodejsStarterApp@0.0.1
15 verbose cwd /Users/aviralmansingka/projects/Taboo
16 error Darwin 15.6.0
17 error argv "/usr/local/Cellar/node/5.7.1/bin/node" "/usr/local/bin/npm" "start"
18 error node v5.7.1
19 error npm  v3.6.0
20 error file sh
21 error code ELIFECYCLE
22 error errno ENOENT
23 error syscall spawn
24 error NodejsStarterApp@0.0.1 start: `tsc && concurrenlty "npm run tsc:w" "node app.js"`
24 error spawn ENOENT
25 error Failed at the NodejsStarterApp@0.0.1 start script 'tsc && concurrenlty "npm run tsc:w" "node app.js"'.
25 error Make sure you have the latest version of node.js and npm installed.
25 error If you do, this is most likely a problem with the NodejsStarterApp package,
25 error not with npm itself.
25 error Tell the author that this fails on your system:
25 error     tsc && concurrenlty "npm run tsc:w" "node app.js"
25 error You can get information on how to open an issue for this project with:
25 error     npm bugs NodejsStarterApp
25 error Or if that isn't available, you can get their info via:
25 error     npm owner ls NodejsStarterApp
25 error There is likely additional logging output above.
26 verbose exit [ 1, true ]
